0 verbose cli /opt/homebrew/Cellar/node@18/18.20.8/bin/node /opt/homebrew/Cellar/node@18/18.20.8/lib/node_modules/npm/bin/npm-cli.js
1 info using npm@10.8.2
2 info using node@v18.20.8
3 silly config load:file:/opt/homebrew/Cellar/node@18/18.20.8/lib/node_modules/npm/npmrc
4 silly config load:file:/Users/dileep/Works/resume-website/.npmrc
5 silly config load:file:/Users/dileep/.npmrc
6 silly config load:file:/opt/homebrew/etc/npmrc
7 verbose title npm exec vercel --prod --global-config .vercel-global-config
8 verbose argv "exec" "--cache" ".npm-cache" "--" "vercel" "--prod" "--global-config" ".vercel-global-config"
9 verbose logfile logs-max:10 dir:/Users/dileep/Works/resume-website/.npm-cache/_logs/2026-02-20T11_09_17_503Z-
10 verbose logfile /Users/dileep/Works/resume-website/.npm-cache/_logs/2026-02-20T11_09_17_503Z-debug-0.log
11 silly logfile done cleaning log files
12 http fetch GET 200 https://registry.npmjs.org/npm 168ms
13 verbose cwd /Users/dileep/Works/resume-website
14 verbose os Darwin 25.2.0
15 verbose node v18.20.8
16 verbose npm  v10.8.2
17 notice
17 notice New [31mmajor[39m version of npm available! [31m10.8.2[39m -> [34m11.10.1[39m
17 notice Changelog: [34mhttps://github.com/npm/cli/releases/tag/v11.10.1[39m
17 notice To update run: [4mnpm install -g npm@11.10.1[24m
17 notice  { force: true, [Symbol(proc-log.meta)]: true }
18 verbose exit 1
19 verbose code 1
